[2023-11-04 11:14:45,251] 24 root - INFO - data ingestion started
[2023-11-04 11:14:45,538] 28 root - INFO -  i have read dataset as a df
[2023-11-04 11:14:46,477] 33 root - INFO -  i have saved the raw dataset in artifact folder
[2023-11-04 11:14:46,477] 35 root - INFO - here i have performed train test split
[2023-11-04 11:14:46,522] 38 root - INFO - train test split completed
[2023-11-04 11:14:47,452] 43 root - INFO - data ingestion part completed
[2023-11-04 11:14:47,731] 87 root - INFO - read train and test data complete
[2023-11-04 11:14:47,740] 88 root - INFO - Train Dataframe Head : 
       id  carat        cut color clarity  depth  table     x     y     z  price
0   60609   0.37  Very Good     I     VS1   61.0   59.0  4.61  4.64  2.82    649
1  144835   0.56      Ideal     F     VS2   61.9   55.0  5.27  5.32  3.28   1605
2   50377   1.26    Premium     G     SI2   62.5   58.0  6.89  6.84  4.28   4672
3  149409   0.30      Ideal     H    VVS1   61.9   57.0  4.27  4.32  2.66    665
4  143461   0.25      Ideal     H    VVS1   61.2   56.0  3.99  4.03  2.46    460
[2023-11-04 11:14:47,742] 89 root - INFO - Test Dataframe Head : 
       id  carat    cut color clarity  depth  table     x     y     z  price
0  111371   0.54  Ideal     G     VS1   61.8   55.0  5.22  5.25  3.23   1746
1   47078   0.71  Ideal     H     SI1   61.9   55.0  5.74  5.77  3.56   2610
2  150077   0.35  Ideal     F     VS2   62.3   55.0  4.55  4.52  2.82   1013
3  165557   0.51  Ideal     D     SI1   62.3   55.0  5.12  5.16  3.20   1627
4   50680   1.16  Ideal     D    VVS2   61.4   57.0  6.81  6.78  4.17  11248
[2023-11-04 11:14:47,742] 32 root - INFO - Data Transformation initiated
[2023-11-04 11:14:47,742] 43 root - INFO - Pipeline Initiated
[2023-11-04 11:14:48,133] 107 root - INFO - Applying preprocessing object on training and testing datasets.
[2023-11-04 11:14:48,146] 117 root - INFO - preprocessing pickle file saved
[2023-11-04 11:14:48,153] 25 root - INFO - Splitting Dependent and Independent variables from train and test data
[2023-11-04 11:14:49,267] 43 root - INFO - Model Report : {'LinearRegression': 0.9355804736259745, 'Lasso': 0.9356160594668983, 'Ridge': 0.9355808686257646, 'Elasticnet': 0.8546056790736949}
[2023-11-04 11:14:49,267] 56 root - INFO - Best Model Found , Model Name : Lasso , R2 Score : 0.9356160594668983
