[2024-12-06 11:08:44,377] 96 werkzeug - WARNING -  * Debugger is active!
[2024-12-06 11:08:44,377] 96 werkzeug - INFO -  * Debugger PIN: 465-275-813
[2024-12-06 11:08:44,428] 96 werkzeug - INFO -  * Detected change in 'C:\\Users\\shivo\\AppData\\Local\\Programs\\Python\\Python312\\Lib\\site-packages\\scipy\\stats\\_survival.py', reloading
[2024-12-06 11:08:44,457] 96 werkzeug - INFO -  * Detected change in 'C:\\Users\\shivo\\AppData\\Local\\Programs\\Python\\Python312\\Lib\\site-packages\\scipy\\fftpack\\__init__.py', reloading
[2024-12-06 11:08:44,487] 96 werkzeug - INFO -  * Detected change in 'C:\\Users\\shivo\\AppData\\Local\\Programs\\Python\\Python312\\Lib\\site-packages\\scipy\\fftpack\\_basic.py', reloading
[2024-12-06 11:08:44,507] 96 werkzeug - INFO -  * Detected change in 'C:\\Users\\shivo\\AppData\\Local\\Programs\\Python\\Python312\\Lib\\site-packages\\scipy\\fftpack\\_pseudo_diffs.py', reloading
[2024-12-06 11:08:44,521] 96 werkzeug - INFO -  * Detected change in 'C:\\Users\\shivo\\AppData\\Local\\Programs\\Python\\Python312\\Lib\\site-packages\\scipy\\fftpack\\_helper.py', reloading
[2024-12-06 11:08:44,538] 96 werkzeug - INFO -  * Detected change in 'C:\\Users\\shivo\\AppData\\Local\\Programs\\Python\\Python312\\Lib\\site-packages\\scipy\\fftpack\\_realtransforms.py', reloading
[2024-12-06 11:08:44,573] 96 werkzeug - INFO -  * Detected change in 'C:\\Users\\shivo\\AppData\\Local\\Programs\\Python\\Python312\\Lib\\site-packages\\scipy\\linalg\\__init__.py', reloading
[2024-12-06 11:08:44,595] 96 werkzeug - INFO -  * Detected change in 'C:\\Users\\shivo\\AppData\\Local\\Programs\\Python\\Python312\\Lib\\site-packages\\scipy\\linalg\\_misc.py', reloading
[2024-12-06 11:08:44,685] 96 werkzeug - INFO -  * Detected change in 'C:\\Users\\shivo\\AppData\\Local\\Programs\\Python\\Python312\\Lib\\site-packages\\scipy\\linalg\\_basic.py', reloading
[2024-12-06 11:08:44,715] 96 werkzeug - INFO -  * Detected change in 'C:\\Users\\shivo\\AppData\\Local\\Programs\\Python\\Python312\\Lib\\site-packages\\scipy\\linalg\\_decomp.py', reloading
[2024-12-06 11:08:44,736] 96 werkzeug - INFO -  * Detected change in 'C:\\Users\\shivo\\AppData\\Local\\Programs\\Python\\Python312\\Lib\\site-packages\\scipy\\linalg\\_decomp_lu.py', reloading
[2024-12-06 11:08:44,783] 96 werkzeug - INFO -  * Detected change in 'C:\\Users\\shivo\\AppData\\Local\\Programs\\Python\\Python312\\Lib\\site-packages\\scipy\\linalg\\_decomp_ldl.py', reloading
[2024-12-06 11:08:44,808] 96 werkzeug - INFO -  * Detected change in 'C:\\Users\\shivo\\AppData\\Local\\Programs\\Python\\Python312\\Lib\\site-packages\\scipy\\linalg\\_decomp_cholesky.py', reloading
[2024-12-06 11:08:44,828] 96 werkzeug - INFO -  * Detected change in 'C:\\Users\\shivo\\AppData\\Local\\Programs\\Python\\Python312\\Lib\\site-packages\\scipy\\linalg\\_decomp_qr.py', reloading
[2024-12-06 11:08:44,869] 96 werkzeug - INFO -  * Detected change in 'C:\\Users\\shivo\\AppData\\Local\\Programs\\Python\\Python312\\Lib\\site-packages\\scipy\\linalg\\_decomp_qz.py', reloading
[2024-12-06 11:08:44,889] 96 werkzeug - INFO -  * Detected change in 'C:\\Users\\shivo\\AppData\\Local\\Programs\\Python\\Python312\\Lib\\site-packages\\scipy\\linalg\\_decomp_svd.py', reloading
[2024-12-06 11:08:44,919] 96 werkzeug - INFO -  * Detected change in 'C:\\Users\\shivo\\AppData\\Local\\Programs\\Python\\Python312\\Lib\\site-packages\\scipy\\linalg\\_decomp_schur.py', reloading
[2024-12-06 11:08:44,939] 96 werkzeug - INFO -  * Detected change in 'C:\\Users\\shivo\\AppData\\Local\\Programs\\Python\\Python312\\Lib\\site-packages\\scipy\\linalg\\_decomp_polar.py', reloading
[2024-12-06 11:08:44,949] 96 werkzeug - INFO -  * Detected change in 'C:\\Users\\shivo\\AppData\\Local\\Programs\\Python\\Python312\\Lib\\site-packages\\scipy\\linalg\\_matfuncs.py', reloading
[2024-12-06 11:08:44,970] 96 werkzeug - INFO -  * Detected change in 'C:\\Users\\shivo\\AppData\\Local\\Programs\\Python\\Python312\\Lib\\site-packages\\scipy\\linalg\\blas.py', reloading
[2024-12-06 11:08:44,979] 96 werkzeug - INFO -  * Detected change in 'C:\\Users\\shivo\\AppData\\Local\\Programs\\Python\\Python312\\Lib\\site-packages\\scipy\\linalg\\lapack.py', reloading
[2024-12-06 11:08:44,999] 96 werkzeug - INFO -  * Detected change in 'C:\\Users\\shivo\\AppData\\Local\\Programs\\Python\\Python312\\Lib\\site-packages\\scipy\\linalg\\_special_matrices.py', reloading
[2024-12-06 11:08:45,020] 96 werkzeug - INFO -  * Detected change in 'C:\\Users\\shivo\\AppData\\Local\\Programs\\Python\\Python312\\Lib\\site-packages\\scipy\\linalg\\_solvers.py', reloading
[2024-12-06 11:08:45,040] 96 werkzeug - INFO -  * Detected change in 'C:\\Users\\shivo\\AppData\\Local\\Programs\\Python\\Python312\\Lib\\site-packages\\scipy\\linalg\\_procrustes.py', reloading
[2024-12-06 11:08:45,060] 96 werkzeug - INFO -  * Detected change in 'C:\\Users\\shivo\\AppData\\Local\\Programs\\Python\\Python312\\Lib\\site-packages\\scipy\\linalg\\_sketches.py', reloading
[2024-12-06 11:08:45,080] 96 werkzeug - INFO -  * Detected change in 'C:\\Users\\shivo\\AppData\\Local\\Programs\\Python\\Python312\\Lib\\site-packages\\scipy\\linalg\\_decomp_cossin.py', reloading
[2024-12-06 11:08:45,240] 96 werkzeug - INFO -  * Detected change in 'C:\\Users\\shivo\\AppData\\Local\\Programs\\Python\\Python312\\Lib\\site-packages\\scipy\\special\\_logsumexp.py', reloading
[2024-12-06 11:08:45,300] 96 werkzeug - INFO -  * Detected change in 'C:\\Users\\shivo\\AppData\\Local\\Programs\\Python\\Python312\\Lib\\site-packages\\scipy\\sparse\\__init__.py', reloading
[2024-12-06 11:08:45,310] 96 werkzeug - INFO -  * Detected change in 'C:\\Users\\shivo\\AppData\\Local\\Programs\\Python\\Python312\\Lib\\site-packages\\scipy\\sparse\\_base.py', reloading
[2024-12-06 11:08:45,323] 96 werkzeug - INFO -  * Detected change in 'C:\\Users\\shivo\\AppData\\Local\\Programs\\Python\\Python312\\Lib\\site-packages\\scipy\\sparse\\_csr.py', reloading
[2024-12-06 11:08:45,341] 96 werkzeug - INFO -  * Detected change in 'C:\\Users\\shivo\\AppData\\Local\\Programs\\Python\\Python312\\Lib\\site-packages\\scipy\\sparse\\_csc.py', reloading
[2024-12-06 11:08:45,351] 96 werkzeug - INFO -  * Detected change in 'C:\\Users\\shivo\\AppData\\Local\\Programs\\Python\\Python312\\Lib\\site-packages\\scipy\\sparse\\_lil.py', reloading
[2024-12-06 11:08:45,361] 96 werkzeug - INFO -  * Detected change in 'C:\\Users\\shivo\\AppData\\Local\\Programs\\Python\\Python312\\Lib\\site-packages\\scipy\\sparse\\_dok.py', reloading
[2024-12-06 11:08:45,371] 96 werkzeug - INFO -  * Detected change in 'C:\\Users\\shivo\\AppData\\Local\\Programs\\Python\\Python312\\Lib\\site-packages\\scipy\\sparse\\_coo.py', reloading
[2024-12-06 11:08:45,381] 96 werkzeug - INFO -  * Detected change in 'C:\\Users\\shivo\\AppData\\Local\\Programs\\Python\\Python312\\Lib\\site-packages\\scipy\\sparse\\_dia.py', reloading
[2024-12-06 11:08:45,391] 96 werkzeug - INFO -  * Detected change in 'C:\\Users\\shivo\\AppData\\Local\\Programs\\Python\\Python312\\Lib\\site-packages\\scipy\\sparse\\_bsr.py', reloading
[2024-12-06 11:08:45,401] 96 werkzeug - INFO -  * Detected change in 'C:\\Users\\shivo\\AppData\\Local\\Programs\\Python\\Python312\\Lib\\site-packages\\scipy\\sparse\\_construct.py', reloading
[2024-12-06 11:08:45,411] 96 werkzeug - INFO -  * Detected change in 'C:\\Users\\shivo\\AppData\\Local\\Programs\\Python\\Python312\\Lib\\site-packages\\scipy\\sparse\\_extract.py', reloading
