[2024-12-06 11:08:52,889] 96 werkzeug - WARNING -  * Debugger is active!
[2024-12-06 11:08:52,899] 96 werkzeug - INFO -  * Debugger PIN: 465-275-813
[2024-12-06 11:08:52,933] 96 werkzeug - INFO -  * Detected change in 'C:\\Users\\shivo\\AppData\\Local\\Programs\\Python\\Python312\\Lib\\site-packages\\scipy\\interpolate\\_bsplines.py', reloading
[2024-12-06 11:08:52,959] 96 werkzeug - INFO -  * Detected change in 'C:\\Users\\shivo\\AppData\\Local\\Programs\\Python\\Python312\\Lib\\site-packages\\scipy\\interpolate\\_pade.py', reloading
[2024-12-06 11:08:52,989] 96 werkzeug - INFO -  * Detected change in 'C:\\Users\\shivo\\AppData\\Local\\Programs\\Python\\Python312\\Lib\\site-packages\\scipy\\interpolate\\_rgi.py', reloading
[2024-12-06 11:08:53,019] 96 werkzeug - INFO -  * Detected change in 'C:\\Users\\shivo\\AppData\\Local\\Programs\\Python\\Python312\\Lib\\site-packages\\scipy\\io\\__init__.py', reloading
[2024-12-06 11:08:53,040] 96 werkzeug - INFO -  * Detected change in 'C:\\Users\\shivo\\AppData\\Local\\Programs\\Python\\Python312\\Lib\\site-packages\\scipy\\misc\\__init__.py', reloading
[2024-12-06 11:08:53,050] 96 werkzeug - INFO -  * Detected change in 'C:\\Users\\shivo\\AppData\\Local\\Programs\\Python\\Python312\\Lib\\site-packages\\scipy\\misc\\_common.py', reloading
[2024-12-06 11:08:53,070] 96 werkzeug - INFO -  * Detected change in 'C:\\Users\\shivo\\AppData\\Local\\Programs\\Python\\Python312\\Lib\\site-packages\\scipy\\ndimage\\__init__.py', reloading
[2024-12-06 11:08:53,100] 96 werkzeug - INFO -  * Detected change in 'C:\\Users\\shivo\\AppData\\Local\\Programs\\Python\\Python312\\Lib\\site-packages\\scipy\\ndimage\\_filters.py', reloading
[2024-12-06 11:08:53,120] 96 werkzeug - INFO -  * Detected change in 'C:\\Users\\shivo\\AppData\\Local\\Programs\\Python\\Python312\\Lib\\site-packages\\scipy\\ndimage\\_fourier.py', reloading
[2024-12-06 11:08:53,140] 96 werkzeug - INFO -  * Detected change in 'C:\\Users\\shivo\\AppData\\Local\\Programs\\Python\\Python312\\Lib\\site-packages\\scipy\\ndimage\\_interpolation.py', reloading
[2024-12-06 11:08:53,170] 96 werkzeug - INFO -  * Detected change in 'C:\\Users\\shivo\\AppData\\Local\\Programs\\Python\\Python312\\Lib\\site-packages\\scipy\\ndimage\\_measurements.py', reloading
[2024-12-06 11:08:53,200] 96 werkzeug - INFO -  * Detected change in 'C:\\Users\\shivo\\AppData\\Local\\Programs\\Python\\Python312\\Lib\\site-packages\\scipy\\ndimage\\_morphology.py', reloading
[2024-12-06 11:08:53,251] 96 werkzeug - INFO -  * Detected change in 'C:\\Users\\shivo\\AppData\\Local\\Programs\\Python\\Python312\\Lib\\site-packages\\scipy\\odr\\__init__.py', reloading
[2024-12-06 11:08:53,271] 96 werkzeug - INFO -  * Detected change in 'C:\\Users\\shivo\\AppData\\Local\\Programs\\Python\\Python312\\Lib\\site-packages\\scipy\\odr\\_odrpack.py', reloading
[2024-12-06 11:08:53,291] 96 werkzeug - INFO -  * Detected change in 'C:\\Users\\shivo\\AppData\\Local\\Programs\\Python\\Python312\\Lib\\site-packages\\scipy\\odr\\_models.py', reloading
[2024-12-06 11:08:53,321] 96 werkzeug - INFO -  * Detected change in 'C:\\Users\\shivo\\AppData\\Local\\Programs\\Python\\Python312\\Lib\\site-packages\\scipy\\signal\\__init__.py', reloading
[2024-12-06 11:08:53,351] 96 werkzeug - INFO -  * Detected change in 'C:\\Users\\shivo\\AppData\\Local\\Programs\\Python\\Python312\\Lib\\site-packages\\scipy\\signal\\_waveforms.py', reloading
[2024-12-06 11:08:53,371] 96 werkzeug - INFO -  * Detected change in 'C:\\Users\\shivo\\AppData\\Local\\Programs\\Python\\Python312\\Lib\\site-packages\\scipy\\signal\\_bsplines.py', reloading
[2024-12-06 11:08:53,401] 96 werkzeug - INFO -  * Detected change in 'C:\\Users\\shivo\\AppData\\Local\\Programs\\Python\\Python312\\Lib\\site-packages\\scipy\\signal\\_filter_design.py', reloading
[2024-12-06 11:08:53,435] 96 werkzeug - INFO -  * Detected change in 'C:\\Users\\shivo\\AppData\\Local\\Programs\\Python\\Python312\\Lib\\site-packages\\scipy\\signal\\_fir_filter_design.py', reloading
[2024-12-06 11:08:53,471] 96 werkzeug - INFO -  * Detected change in 'C:\\Users\\shivo\\AppData\\Local\\Programs\\Python\\Python312\\Lib\\site-packages\\scipy\\signal\\_ltisys.py', reloading
[2024-12-06 11:08:53,501] 96 werkzeug - INFO -  * Detected change in 'C:\\Users\\shivo\\AppData\\Local\\Programs\\Python\\Python312\\Lib\\site-packages\\scipy\\signal\\_lti_conversion.py', reloading
[2024-12-06 11:08:53,531] 96 werkzeug - INFO -  * Detected change in 'C:\\Users\\shivo\\AppData\\Local\\Programs\\Python\\Python312\\Lib\\site-packages\\scipy\\signal\\_signaltools.py', reloading
[2024-12-06 11:08:53,551] 96 werkzeug - INFO -  * Detected change in 'C:\\Users\\shivo\\AppData\\Local\\Programs\\Python\\Python312\\Lib\\site-packages\\scipy\\signal\\_spectral_py.py', reloading
[2024-12-06 11:08:53,592] 96 werkzeug - INFO -  * Detected change in 'C:\\Users\\shivo\\AppData\\Local\\Programs\\Python\\Python312\\Lib\\site-packages\\scipy\\signal\\_short_time_fft.py', reloading
[2024-12-06 11:08:53,622] 96 werkzeug - INFO -  * Detected change in 'C:\\Users\\shivo\\AppData\\Local\\Programs\\Python\\Python312\\Lib\\site-packages\\scipy\\signal\\_wavelets.py', reloading
[2024-12-06 11:08:53,642] 96 werkzeug - INFO -  * Detected change in 'C:\\Users\\shivo\\AppData\\Local\\Programs\\Python\\Python312\\Lib\\site-packages\\scipy\\signal\\_peak_finding.py', reloading
[2024-12-06 11:08:53,672] 96 werkzeug - INFO -  * Detected change in 'C:\\Users\\shivo\\AppData\\Local\\Programs\\Python\\Python312\\Lib\\site-packages\\scipy\\signal\\_czt.py', reloading
[2024-12-06 11:08:53,692] 96 werkzeug - INFO -  * Detected change in 'C:\\Users\\shivo\\AppData\\Local\\Programs\\Python\\Python312\\Lib\\site-packages\\scipy\\spatial\\__init__.py', reloading
[2024-12-06 11:08:53,702] 96 werkzeug - INFO -  * Detected change in 'C:\\Users\\shivo\\AppData\\Local\\Programs\\Python\\Python312\\Lib\\site-packages\\scipy\\spatial\\_kdtree.py', reloading
[2024-12-06 11:08:53,742] 96 werkzeug - INFO -  * Detected change in 'C:\\Users\\shivo\\AppData\\Local\\Programs\\Python\\Python312\\Lib\\site-packages\\scipy\\spatial\\_plotutils.py', reloading
[2024-12-06 11:08:53,752] 96 werkzeug - INFO -  * Detected change in 'C:\\Users\\shivo\\AppData\\Local\\Programs\\Python\\Python312\\Lib\\site-packages\\scipy\\special\\_sf_error.py', reloading
[2024-12-06 11:08:53,772] 96 werkzeug - INFO -  * Detected change in 'C:\\Users\\shivo\\AppData\\Local\\Programs\\Python\\Python312\\Lib\\site-packages\\scipy\\special\\_spfun_stats.py', reloading
[2024-12-06 11:08:53,802] 96 werkzeug - INFO -  * Detected change in 'C:\\Users\\shivo\\AppData\\Local\\Programs\\Python\\Python312\\Lib\\site-packages\\scipy\\special\\_ellip_harm.py', reloading
[2024-12-06 11:08:53,853] 96 werkzeug - INFO -  * Detected change in 'C:\\Users\\shivo\\AppData\\Local\\Programs\\Python\\Python312\\Lib\\site-packages\\scipy\\special\\_lambertw.py', reloading
[2024-12-06 11:08:53,903] 96 werkzeug - INFO -  * Detected change in 'C:\\Users\\shivo\\AppData\\Local\\Programs\\Python\\Python312\\Lib\\site-packages\\scipy\\special\\_spherical_bessel.py', reloading
