[2024-12-06 11:08:50,056] 96 werkzeug - WARNING -  * Debugger is active!
[2024-12-06 11:08:50,059] 96 werkzeug - INFO -  * Debugger PIN: 465-275-813
[2024-12-06 11:08:50,107] 96 werkzeug - INFO -  * Detected change in 'C:\\Users\\shivo\\AppData\\Local\\Programs\\Python\\Python312\\Lib\\site-packages\\mistune\\inline_parser.py', reloading
[2024-12-06 11:08:50,138] 96 werkzeug - INFO -  * Detected change in 'C:\\Users\\shivo\\AppData\\Local\\Programs\\Python\\Python312\\Lib\\site-packages\\mistune\\renderers\\html.py', reloading
[2024-12-06 11:08:50,158] 96 werkzeug - INFO -  * Detected change in 'C:\\Users\\shivo\\AppData\\Local\\Programs\\Python\\Python312\\Lib\\site-packages\\mistune\\util.py', reloading
[2024-12-06 11:08:50,178] 96 werkzeug - INFO -  * Detected change in 'C:\\Users\\shivo\\AppData\\Local\\Programs\\Python\\Python312\\Lib\\site-packages\\mpl_toolkits\\__init__.py', reloading
[2024-12-06 11:08:50,208] 96 werkzeug - INFO -  * Detected change in 'C:\\Users\\shivo\\AppData\\Local\\Programs\\Python\\Python312\\Lib\\site-packages\\mysqlx\\__init__.py', reloading
[2024-12-06 11:08:50,244] 96 werkzeug - INFO -  * Detected change in 'C:\\Users\\shivo\\AppData\\Local\\Programs\\Python\\Python312\\Lib\\site-packages\\mysqlx\\connection.py', reloading
[2024-12-06 11:08:50,275] 96 werkzeug - INFO -  * Detected change in 'C:\\Users\\shivo\\AppData\\Local\\Programs\\Python\\Python312\\Lib\\site-packages\\mysqlx\\constants.py', reloading
[2024-12-06 11:08:50,291] 96 werkzeug - INFO -  * Detected change in 'C:\\Users\\shivo\\AppData\\Local\\Programs\\Python\\Python312\\Lib\\site-packages\\mysqlx\\crud.py', reloading
[2024-12-06 11:08:50,301] 96 werkzeug - INFO -  * Detected change in 'C:\\Users\\shivo\\AppData\\Local\\Programs\\Python\\Python312\\Lib\\site-packages\\mysqlx\\dbdoc.py', reloading
[2024-12-06 11:08:50,311] 96 werkzeug - INFO -  * Detected change in 'C:\\Users\\shivo\\AppData\\Local\\Programs\\Python\\Python312\\Lib\\site-packages\\mysqlx\\errors.py', reloading
[2024-12-06 11:08:50,331] 96 werkzeug - INFO -  * Detected change in 'C:\\Users\\shivo\\AppData\\Local\\Programs\\Python\\Python312\\Lib\\site-packages\\mysqlx\\result.py', reloading
[2024-12-06 11:08:50,351] 96 werkzeug - INFO -  * Detected change in 'C:\\Users\\shivo\\AppData\\Local\\Programs\\Python\\Python312\\Lib\\site-packages\\mysqlx\\statement.py', reloading
[2024-12-06 11:08:50,361] 96 werkzeug - INFO -  * Detected change in 'C:\\Users\\shivo\\AppData\\Local\\Programs\\Python\\Python312\\Lib\\site-packages\\nbclient\\__init__.py', reloading
[2024-12-06 11:08:50,381] 96 werkzeug - INFO -  * Detected change in 'C:\\Users\\shivo\\AppData\\Local\\Programs\\Python\\Python312\\Lib\\site-packages\\nbclient\\_version.py', reloading
[2024-12-06 11:08:50,401] 96 werkzeug - INFO -  * Detected change in 'C:\\Users\\shivo\\AppData\\Local\\Programs\\Python\\Python312\\Lib\\site-packages\\nbclient\\client.py', reloading
[2024-12-06 11:08:50,431] 96 werkzeug - INFO -  * Detected change in 'C:\\Users\\shivo\\AppData\\Local\\Programs\\Python\\Python312\\Lib\\site-packages\\nbconvert\\__init__.py', reloading
[2024-12-06 11:08:50,441] 96 werkzeug - INFO -  * Detected change in 'C:\\Users\\shivo\\AppData\\Local\\Programs\\Python\\Python312\\Lib\\site-packages\\nbconvert\\_version.py', reloading
[2024-12-06 11:08:50,451] 96 werkzeug - INFO -  * Detected change in 'C:\\Users\\shivo\\AppData\\Local\\Programs\\Python\\Python312\\Lib\\site-packages\\nbconvert\\exporters\\__init__.py', reloading
[2024-12-06 11:08:50,471] 96 werkzeug - INFO -  * Detected change in 'C:\\Users\\shivo\\AppData\\Local\\Programs\\Python\\Python312\\Lib\\site-packages\\nbconvert\\exporters\\asciidoc.py', reloading
[2024-12-06 11:08:50,491] 96 werkzeug - INFO -  * Detected change in 'C:\\Users\\shivo\\AppData\\Local\\Programs\\Python\\Python312\\Lib\\site-packages\\nbconvert\\exporters\\exporter.py', reloading
[2024-12-06 11:08:50,511] 96 werkzeug - INFO -  * Detected change in 'C:\\Users\\shivo\\AppData\\Local\\Programs\\Python\\Python312\\Lib\\site-packages\\nbconvert\\exporters\\base.py', reloading
[2024-12-06 11:08:50,572] 96 werkzeug - INFO -  * Detected change in 'C:\\Users\\shivo\\AppData\\Local\\Programs\\Python\\Python312\\Lib\\site-packages\\nbconvert\\exporters\\html.py', reloading
[2024-12-06 11:08:50,602] 96 werkzeug - INFO -  * Detected change in 'C:\\Users\\shivo\\AppData\\Local\\Programs\\Python\\Python312\\Lib\\site-packages\\nbconvert\\exporters\\latex.py', reloading
[2024-12-06 11:08:50,629] 96 werkzeug - INFO -  * Detected change in 'C:\\Users\\shivo\\AppData\\Local\\Programs\\Python\\Python312\\Lib\\site-packages\\nbconvert\\exporters\\markdown.py', reloading
[2024-12-06 11:08:50,643] 96 werkzeug - INFO -  * Detected change in 'C:\\Users\\shivo\\AppData\\Local\\Programs\\Python\\Python312\\Lib\\site-packages\\nbconvert\\exporters\\notebook.py', reloading
[2024-12-06 11:08:50,669] 96 werkzeug - INFO -  * Detected change in 'C:\\Users\\shivo\\AppData\\Local\\Programs\\Python\\Python312\\Lib\\site-packages\\nbconvert\\exporters\\pdf.py', reloading
[2024-12-06 11:08:50,684] 96 werkzeug - INFO -  * Detected change in 'C:\\Users\\shivo\\AppData\\Local\\Programs\\Python\\Python312\\Lib\\site-packages\\nbconvert\\exporters\\python.py', reloading
[2024-12-06 11:08:50,684] 96 werkzeug - INFO -  * Detected change in 'C:\\Users\\shivo\\AppData\\Local\\Programs\\Python\\Python312\\Lib\\site-packages\\nbconvert\\exporters\\qtpdf.py', reloading
[2024-12-06 11:08:50,694] 96 werkzeug - INFO -  * Detected change in 'C:\\Users\\shivo\\AppData\\Local\\Programs\\Python\\Python312\\Lib\\site-packages\\nbconvert\\exporters\\qtpng.py', reloading
[2024-12-06 11:08:50,704] 96 werkzeug - INFO -  * Detected change in 'C:\\Users\\shivo\\AppData\\Local\\Programs\\Python\\Python312\\Lib\\site-packages\\nbconvert\\exporters\\rst.py', reloading
[2024-12-06 11:08:50,724] 96 werkzeug - INFO -  * Detected change in 'C:\\Users\\shivo\\AppData\\Local\\Programs\\Python\\Python312\\Lib\\site-packages\\nbconvert\\exporters\\script.py', reloading
[2024-12-06 11:08:50,744] 96 werkzeug - INFO -  * Detected change in 'C:\\Users\\shivo\\AppData\\Local\\Programs\\Python\\Python312\\Lib\\site-packages\\nbconvert\\exporters\\slides.py', reloading
[2024-12-06 11:08:50,774] 96 werkzeug - INFO -  * Detected change in 'C:\\Users\\shivo\\AppData\\Local\\Programs\\Python\\Python312\\Lib\\site-packages\\nbconvert\\exporters\\templateexporter.py', reloading
[2024-12-06 11:08:50,804] 96 werkzeug - INFO -  * Detected change in 'C:\\Users\\shivo\\AppData\\Local\\Programs\\Python\\Python312\\Lib\\site-packages\\nbconvert\\exporters\\webpdf.py', reloading
[2024-12-06 11:08:50,825] 96 werkzeug - INFO -  * Detected change in 'C:\\Users\\shivo\\AppData\\Local\\Programs\\Python\\Python312\\Lib\\site-packages\\nbformat\\__init__.py', reloading
[2024-12-06 11:08:50,845] 96 werkzeug - INFO -  * Detected change in 'C:\\Users\\shivo\\AppData\\Local\\Programs\\Python\\Python312\\Lib\\site-packages\\nbformat\\_version.py', reloading
[2024-12-06 11:08:50,855] 96 werkzeug - INFO -  * Detected change in 'C:\\Users\\shivo\\AppData\\Local\\Programs\\Python\\Python312\\Lib\\site-packages\\nbformat\\sentinel.py', reloading
[2024-12-06 11:08:50,864] 96 werkzeug - INFO -  * Detected change in 'C:\\Users\\shivo\\AppData\\Local\\Programs\\Python\\Python312\\Lib\\site-packages\\nbformat\\converter.py', reloading
[2024-12-06 11:08:50,875] 96 werkzeug - INFO -  * Detected change in 'C:\\Users\\shivo\\AppData\\Local\\Programs\\Python\\Python312\\Lib\\site-packages\\nbformat\\notebooknode.py', reloading
[2024-12-06 11:08:50,885] 96 werkzeug - INFO -  * Detected change in 'C:\\Users\\shivo\\AppData\\Local\\Programs\\Python\\Python312\\Lib\\site-packages\\nbformat\\v4\\__init__.py', reloading
[2024-12-06 11:08:50,895] 96 werkzeug - INFO -  * Detected change in 'C:\\Users\\shivo\\AppData\\Local\\Programs\\Python\\Python312\\Lib\\site-packages\\nbformat\\v4\\nbbase.py', reloading
[2024-12-06 11:08:50,904] 96 werkzeug - INFO -  * Detected change in 'C:\\Users\\shivo\\AppData\\Local\\Programs\\Python\\Python312\\Lib\\site-packages\\nbformat\\validator.py', reloading
[2024-12-06 11:08:50,930] 96 werkzeug - INFO -  * Detected change in 'C:\\Users\\shivo\\AppData\\Local\\Programs\\Python\\Python312\\Lib\\site-packages\\nbformat\\json_compat.py', reloading
[2024-12-06 11:08:50,955] 96 werkzeug - INFO -  * Detected change in 'C:\\Users\\shivo\\AppData\\Local\\Programs\\Python\\Python312\\Lib\\site-packages\\nltk\\__init__.py', reloading
[2024-12-06 11:08:50,965] 96 werkzeug - INFO -  * Detected change in 'C:\\Users\\shivo\\AppData\\Local\\Programs\\Python\\Python312\\Lib\\site-packages\\notebook\\__init__.py', reloading
[2024-12-06 11:08:50,975] 96 werkzeug - INFO -  * Detected change in 'C:\\Users\\shivo\\AppData\\Local\\Programs\\Python\\Python312\\Lib\\site-packages\\notebook_shim\\__init__.py', reloading
[2024-12-06 11:08:51,005] 96 werkzeug - INFO -  * Detected change in 'C:\\Users\\shivo\\AppData\\Local\\Programs\\Python\\Python312\\Lib\\site-packages\\odict\\__init__.py', reloading
[2024-12-06 11:08:51,005] 96 werkzeug - INFO -  * Detected change in 'C:\\Users\\shivo\\AppData\\Local\\Programs\\Python\\Python312\\Lib\\site-packages\\overrides\\__init__.py', reloading
[2024-12-06 11:08:51,015] 96 werkzeug - INFO -  * Detected change in 'C:\\Users\\shivo\\AppData\\Local\\Programs\\Python\\Python312\\Lib\\site-packages\\overrides\\enforce.py', reloading
[2024-12-06 11:08:51,030] 96 werkzeug - INFO -  * Detected change in 'C:\\Users\\shivo\\AppData\\Local\\Programs\\Python\\Python312\\Lib\\site-packages\\overrides\\overrides.py', reloading
[2024-12-06 11:08:51,035] 96 werkzeug - INFO -  * Detected change in 'C:\\Users\\shivo\\AppData\\Local\\Programs\\Python\\Python312\\Lib\\site-packages\\packaging\\__init__.py', reloading
[2024-12-06 11:08:51,046] 96 werkzeug - INFO -  * Detected change in 'C:\\Users\\shivo\\AppData\\Local\\Programs\\Python\\Python312\\Lib\\site-packages\\parsel\\__init__.py', reloading
[2024-12-06 11:08:51,076] 96 werkzeug - INFO -  * Detected change in 'C:\\Users\\shivo\\AppData\\Local\\Programs\\Python\\Python312\\Lib\\site-packages\\parsel\\csstranslator.py', reloading
