[2024-12-06 11:08:47,172] 96 werkzeug - WARNING -  * Debugger is active!
[2024-12-06 11:08:47,172] 96 werkzeug - INFO -  * Debugger PIN: 465-275-813
[2024-12-06 11:08:47,205] 96 werkzeug - INFO -  * Detected change in 'C:\\Users\\shivo\\AppData\\Local\\Programs\\Python\\Python312\\Lib\\site-packages\\git\\compat.py', reloading
[2024-12-06 11:08:47,215] 96 werkzeug - INFO -  * Detected change in 'C:\\Users\\shivo\\AppData\\Local\\Programs\\Python\\Python312\\Lib\\site-packages\\git\\config.py', reloading
[2024-12-06 11:08:47,235] 96 werkzeug - INFO -  * Detected change in 'C:\\Users\\shivo\\AppData\\Local\\Programs\\Python\\Python312\\Lib\\site-packages\\git\\objects\\__init__.py', reloading
[2024-12-06 11:08:47,245] 96 werkzeug - INFO -  * Detected change in 'C:\\Users\\shivo\\AppData\\Local\\Programs\\Python\\Python312\\Lib\\site-packages\\git\\objects\\blob.py', reloading
[2024-12-06 11:08:47,255] 96 werkzeug - INFO -  * Detected change in 'C:\\Users\\shivo\\AppData\\Local\\Programs\\Python\\Python312\\Lib\\site-packages\\git\\objects\\commit.py', reloading
[2024-12-06 11:08:47,275] 96 werkzeug - INFO -  * Detected change in 'C:\\Users\\shivo\\AppData\\Local\\Programs\\Python\\Python312\\Lib\\site-packages\\git\\objects\\base.py', reloading
[2024-12-06 11:08:47,285] 96 werkzeug - INFO -  * Detected change in 'C:\\Users\\shivo\\AppData\\Local\\Programs\\Python\\Python312\\Lib\\site-packages\\git\\objects\\submodule\\__init__.py', reloading
[2024-12-06 11:08:47,305] 96 werkzeug - INFO -  * Detected change in 'C:\\Users\\shivo\\AppData\\Local\\Programs\\Python\\Python312\\Lib\\site-packages\\git\\objects\\submodule\\root.py', reloading
[2024-12-06 11:08:47,325] 96 werkzeug - INFO -  * Detected change in 'C:\\Users\\shivo\\AppData\\Local\\Programs\\Python\\Python312\\Lib\\site-packages\\git\\objects\\submodule\\base.py', reloading
[2024-12-06 11:08:47,335] 96 werkzeug - INFO -  * Detected change in 'C:\\Users\\shivo\\AppData\\Local\\Programs\\Python\\Python312\\Lib\\site-packages\\git\\objects\\tag.py', reloading
[2024-12-06 11:08:47,346] 96 werkzeug - INFO -  * Detected change in 'C:\\Users\\shivo\\AppData\\Local\\Programs\\Python\\Python312\\Lib\\site-packages\\git\\objects\\tree.py', reloading
[2024-12-06 11:08:47,346] 96 werkzeug - INFO -  * Detected change in 'C:\\Users\\shivo\\AppData\\Local\\Programs\\Python\\Python312\\Lib\\site-packages\\git\\refs\\__init__.py', reloading
[2024-12-06 11:08:47,355] 96 werkzeug - INFO -  * Detected change in 'C:\\Users\\shivo\\AppData\\Local\\Programs\\Python\\Python312\\Lib\\site-packages\\git\\refs\\head.py', reloading
[2024-12-06 11:08:47,365] 96 werkzeug - INFO -  * Detected change in 'C:\\Users\\shivo\\AppData\\Local\\Programs\\Python\\Python312\\Lib\\site-packages\\git\\refs\\log.py', reloading
[2024-12-06 11:08:47,375] 96 werkzeug - INFO -  * Detected change in 'C:\\Users\\shivo\\AppData\\Local\\Programs\\Python\\Python312\\Lib\\site-packages\\git\\refs\\reference.py', reloading
[2024-12-06 11:08:47,385] 96 werkzeug - INFO -  * Detected change in 'C:\\Users\\shivo\\AppData\\Local\\Programs\\Python\\Python312\\Lib\\site-packages\\git\\refs\\remote.py', reloading
[2024-12-06 11:08:47,405] 96 werkzeug - INFO -  * Detected change in 'C:\\Users\\shivo\\AppData\\Local\\Programs\\Python\\Python312\\Lib\\site-packages\\git\\refs\\symbolic.py', reloading
[2024-12-06 11:08:47,405] 96 werkzeug - INFO -  * Detected change in 'C:\\Users\\shivo\\AppData\\Local\\Programs\\Python\\Python312\\Lib\\site-packages\\git\\refs\\tag.py', reloading
[2024-12-06 11:08:47,415] 96 werkzeug - INFO -  * Detected change in 'C:\\Users\\shivo\\AppData\\Local\\Programs\\Python\\Python312\\Lib\\site-packages\\git\\diff.py', reloading
[2024-12-06 11:08:47,425] 96 werkzeug - INFO -  * Detected change in 'C:\\Users\\shivo\\AppData\\Local\\Programs\\Python\\Python312\\Lib\\site-packages\\git\\db.py', reloading
[2024-12-06 11:08:47,435] 96 werkzeug - INFO -  * Detected change in 'C:\\Users\\shivo\\AppData\\Local\\Programs\\Python\\Python312\\Lib\\site-packages\\gitdb\\db\\__init__.py', reloading
[2024-12-06 11:08:47,455] 96 werkzeug - INFO -  * Detected change in 'C:\\Users\\shivo\\AppData\\Local\\Programs\\Python\\Python312\\Lib\\site-packages\\gitdb\\db\\base.py', reloading
[2024-12-06 11:08:47,475] 96 werkzeug - INFO -  * Detected change in 'C:\\Users\\shivo\\AppData\\Local\\Programs\\Python\\Python312\\Lib\\site-packages\\gitdb\\db\\loose.py', reloading
[2024-12-06 11:08:47,485] 96 werkzeug - INFO -  * Detected change in 'C:\\Users\\shivo\\AppData\\Local\\Programs\\Python\\Python312\\Lib\\site-packages\\gitdb\\db\\mem.py', reloading
[2024-12-06 11:08:47,485] 96 werkzeug - INFO -  * Detected change in 'C:\\Users\\shivo\\AppData\\Local\\Programs\\Python\\Python312\\Lib\\site-packages\\gitdb\\db\\pack.py', reloading
[2024-12-06 11:08:47,495] 96 werkzeug - INFO -  * Detected change in 'C:\\Users\\shivo\\AppData\\Local\\Programs\\Python\\Python312\\Lib\\site-packages\\gitdb\\db\\git.py', reloading
[2024-12-06 11:08:47,515] 96 werkzeug - INFO -  * Detected change in 'C:\\Users\\shivo\\AppData\\Local\\Programs\\Python\\Python312\\Lib\\site-packages\\gitdb\\db\\ref.py', reloading
[2024-12-06 11:08:47,535] 96 werkzeug - INFO -  * Detected change in 'C:\\Users\\shivo\\AppData\\Local\\Programs\\Python\\Python312\\Lib\\site-packages\\git\\cmd.py', reloading
[2024-12-06 11:08:47,555] 96 werkzeug - INFO -  * Detected change in 'C:\\Users\\shivo\\AppData\\Local\\Programs\\Python\\Python312\\Lib\\site-packages\\git\\repo\\__init__.py', reloading
[2024-12-06 11:08:47,565] 96 werkzeug - INFO -  * Detected change in 'C:\\Users\\shivo\\AppData\\Local\\Programs\\Python\\Python312\\Lib\\site-packages\\git\\repo\\base.py', reloading
[2024-12-06 11:08:47,594] 96 werkzeug - INFO -  * Detected change in 'C:\\Users\\shivo\\AppData\\Local\\Programs\\Python\\Python312\\Lib\\site-packages\\git\\remote.py', reloading
[2024-12-06 11:08:47,615] 96 werkzeug - INFO -  * Detected change in 'C:\\Users\\shivo\\AppData\\Local\\Programs\\Python\\Python312\\Lib\\site-packages\\git\\util.py', reloading
[2024-12-06 11:08:47,615] 96 werkzeug - INFO -  * Detected change in 'C:\\Users\\shivo\\AppData\\Local\\Programs\\Python\\Python312\\Lib\\site-packages\\git\\index\\__init__.py', reloading
[2024-12-06 11:08:47,635] 96 werkzeug - INFO -  * Detected change in 'C:\\Users\\shivo\\AppData\\Local\\Programs\\Python\\Python312\\Lib\\site-packages\\git\\index\\typ.py', reloading
[2024-12-06 11:08:47,646] 96 werkzeug - INFO -  * Detected change in 'C:\\Users\\shivo\\AppData\\Local\\Programs\\Python\\Python312\\Lib\\site-packages\\git\\index\\base.py', reloading
[2024-12-06 11:08:47,667] 96 werkzeug - INFO -  * Detected change in 'C:\\Users\\shivo\\AppData\\Local\\Programs\\Python\\Python312\\Lib\\site-packages\\gitdb\\__init__.py', reloading
[2024-12-06 11:08:47,676] 96 werkzeug - INFO -  * Detected change in 'C:\\Users\\shivo\\AppData\\Local\\Programs\\Python\\Python312\\Lib\\site-packages\\hyperlink\\__init__.py', reloading
[2024-12-06 11:08:47,696] 96 werkzeug - INFO -  * Detected change in 'C:\\Users\\shivo\\AppData\\Local\\Programs\\Python\\Python312\\Lib\\site-packages\\hyperlink\\_url.py', reloading
[2024-12-06 11:08:47,716] 96 werkzeug - INFO -  * Detected change in 'C:\\Users\\shivo\\AppData\\Local\\Programs\\Python\\Python312\\Lib\\site-packages\\incremental\\__init__.py', reloading
[2024-12-06 11:08:47,725] 96 werkzeug - INFO -  * Detected change in 'C:\\Users\\shivo\\AppData\\Local\\Programs\\Python\\Python312\\Lib\\site-packages\\incremental\\_version.py', reloading
[2024-12-06 11:08:47,735] 96 werkzeug - INFO -  * Detected change in 'C:\\Users\\shivo\\AppData\\Local\\Programs\\Python\\Python312\\Lib\\site-packages\\ipykernel\\__init__.py', reloading
[2024-12-06 11:08:47,746] 96 werkzeug - INFO -  * Detected change in 'C:\\Users\\shivo\\AppData\\Local\\Programs\\Python\\Python312\\Lib\\site-packages\\ipykernel\\connect.py', reloading
[2024-12-06 11:08:47,746] 96 werkzeug - INFO -  * Detected change in 'C:\\Users\\shivo\\AppData\\Local\\Programs\\Python\\Python312\\Lib\\site-packages\\jupyter_client\\__init__.py', reloading
[2024-12-06 11:08:47,766] 96 werkzeug - INFO -  * Detected change in 'C:\\Users\\shivo\\AppData\\Local\\Programs\\Python\\Python312\\Lib\\site-packages\\jupyter_client\\connect.py', reloading
[2024-12-06 11:08:47,785] 96 werkzeug - INFO -  * Detected change in 'C:\\Users\\shivo\\AppData\\Local\\Programs\\Python\\Python312\\Lib\\site-packages\\jupyter_client\\launcher.py', reloading
[2024-12-06 11:08:47,796] 96 werkzeug - INFO -  * Detected change in 'C:\\Users\\shivo\\AppData\\Local\\Programs\\Python\\Python312\\Lib\\site-packages\\ipywidgets\\__init__.py', reloading
[2024-12-06 11:08:47,806] 96 werkzeug - INFO -  * Detected change in 'C:\\Users\\shivo\\AppData\\Local\\Programs\\Python\\Python312\\Lib\\site-packages\\isoduration\\__init__.py', reloading
[2024-12-06 11:08:47,836] 96 werkzeug - INFO -  * Detected change in 'C:\\Users\\shivo\\AppData\\Local\\Programs\\Python\\Python312\\Lib\\site-packages\\isoduration\\formatter\\__init__.py', reloading
[2024-12-06 11:08:47,846] 96 werkzeug - INFO -  * Detected change in 'C:\\Users\\shivo\\AppData\\Local\\Programs\\Python\\Python312\\Lib\\site-packages\\isoduration\\formatter\\exceptions.py', reloading
[2024-12-06 11:08:47,866] 96 werkzeug - INFO -  * Detected change in 'C:\\Users\\shivo\\AppData\\Local\\Programs\\Python\\Python312\\Lib\\site-packages\\isoduration\\parser\\__init__.py', reloading
[2024-12-06 11:08:47,886] 96 werkzeug - INFO -  * Detected change in 'C:\\Users\\shivo\\AppData\\Local\\Programs\\Python\\Python312\\Lib\\site-packages\\isoduration\\parser\\exceptions.py', reloading
[2024-12-06 11:08:47,896] 96 werkzeug - INFO -  * Detected change in 'C:\\Users\\shivo\\AppData\\Local\\Programs\\Python\\Python312\\Lib\\site-packages\\itemadapter\\__init__.py', reloading
[2024-12-06 11:08:47,936] 96 werkzeug - INFO -  * Detected change in 'C:\\Users\\shivo\\AppData\\Local\\Programs\\Python\\Python312\\Lib\\site-packages\\itemloaders\\__init__.py', reloading
[2024-12-06 11:08:47,956] 96 werkzeug - INFO -  * Detected change in 'C:\\Users\\shivo\\AppData\\Local\\Programs\\Python\\Python312\\Lib\\site-packages\\itsdangerous\\__init__.py', reloading
[2024-12-06 11:08:47,966] 96 werkzeug - INFO -  * Detected change in 'C:\\Users\\shivo\\AppData\\Local\\Programs\\Python\\Python312\\Lib\\site-packages\\itsdangerous\\encoding.py', reloading
[2024-12-06 11:08:47,976] 96 werkzeug - INFO -  * Detected change in 'C:\\Users\\shivo\\AppData\\Local\\Programs\\Python\\Python312\\Lib\\site-packages\\itsdangerous\\exc.py', reloading
[2024-12-06 11:08:47,986] 96 werkzeug - INFO -  * Detected change in 'C:\\Users\\shivo\\AppData\\Local\\Programs\\Python\\Python312\\Lib\\site-packages\\itsdangerous\\serializer.py', reloading
[2024-12-06 11:08:47,996] 96 werkzeug - INFO -  * Detected change in 'C:\\Users\\shivo\\AppData\\Local\\Programs\\Python\\Python312\\Lib\\site-packages\\itsdangerous\\signer.py', reloading
[2024-12-06 11:08:47,996] 96 werkzeug - INFO -  * Detected change in 'C:\\Users\\shivo\\AppData\\Local\\Programs\\Python\\Python312\\Lib\\site-packages\\itsdangerous\\timed.py', reloading
[2024-12-06 11:08:48,006] 96 werkzeug - INFO -  * Detected change in 'C:\\Users\\shivo\\AppData\\Local\\Programs\\Python\\Python312\\Lib\\site-packages\\itsdangerous\\url_safe.py', reloading
[2024-12-06 11:08:48,026] 96 werkzeug - INFO -  * Detected change in 'C:\\Users\\shivo\\AppData\\Local\\Programs\\Python\\Python312\\Lib\\site-packages\\jedi\\__init__.py', reloading
[2024-12-06 11:08:48,056] 96 werkzeug - INFO -  * Detected change in 'C:\\Users\\shivo\\AppData\\Local\\Programs\\Python\\Python312\\Lib\\site-packages\\jinja2\\bccache.py', reloading
[2024-12-06 11:08:48,076] 96 werkzeug - INFO -  * Detected change in 'C:\\Users\\shivo\\AppData\\Local\\Programs\\Python\\Python312\\Lib\\site-packages\\jinja2\\exceptions.py', reloading
[2024-12-06 11:08:48,096] 96 werkzeug - INFO -  * Detected change in 'C:\\Users\\shivo\\AppData\\Local\\Programs\\Python\\Python312\\Lib\\site-packages\\jinja2\\loaders.py', reloading
[2024-12-06 11:08:48,116] 96 werkzeug - INFO -  * Detected change in 'C:\\Users\\shivo\\AppData\\Local\\Programs\\Python\\Python312\\Lib\\site-packages\\jinja2\\runtime.py', reloading
[2024-12-06 11:08:48,156] 96 werkzeug - INFO -  * Detected change in 'C:\\Users\\shivo\\AppData\\Local\\Programs\\Python\\Python312\\Lib\\site-packages\\jinja2\\utils.py', reloading
