[2024-12-06 11:05:28,068] 96 werkzeug - WARNING -  * Debugger is active!
[2024-12-06 11:05:28,072] 96 werkzeug - INFO -  * Debugger PIN: 465-275-813
[2024-12-06 11:06:10,296] 96 werkzeug - INFO - 127.0.0.1 - - [06/Dec/2024 11:06:10] "GET / HTTP/1.1" 200 -
[2024-12-06 11:06:45,089] 71 root - INFO - Dataframe Gathered
[2024-12-06 11:06:45,407] 96 werkzeug - INFO - 127.0.0.1 - - [06/Dec/2024 11:06:45] "POST / HTTP/1.1" 200 -
[2024-12-06 11:07:38,895] 96 werkzeug - INFO - 127.0.0.1 - - [06/Dec/2024 11:07:38] "GET / HTTP/1.1" 200 -
[2024-12-06 11:08:36,693] 96 werkzeug - INFO -  * Detected change in 'C:\\Users\\shivo\\AppData\\Local\\Programs\\Python\\Python312\\Lib\\site-packages\\flask\\__init__.py', reloading
[2024-12-06 11:08:36,749] 96 werkzeug - INFO -  * Detected change in 'C:\\Users\\shivo\\AppData\\Local\\Programs\\Python\\Python312\\Lib\\site-packages\\flask\\app.py', reloading
[2024-12-06 11:08:36,877] 96 werkzeug - INFO -  * Detected change in 'C:\\Users\\shivo\\AppData\\Local\\Programs\\Python\\Python312\\Lib\\site-packages\\flask\\sansio\\app.py', reloading
[2024-12-06 11:08:36,921] 96 werkzeug - INFO -  * Detected change in 'C:\\Users\\shivo\\AppData\\Local\\Programs\\Python\\Python312\\Lib\\site-packages\\flask\\sansio\\scaffold.py', reloading
[2024-12-06 11:08:36,982] 96 werkzeug - INFO -  * Detected change in 'C:\\Users\\shivo\\AppData\\Local\\Programs\\Python\\Python312\\Lib\\site-packages\\flask\\globals.py', reloading
[2024-12-06 11:08:37,001] 96 werkzeug - INFO -  * Detected change in 'C:\\Users\\shivo\\AppData\\Local\\Programs\\Python\\Python312\\Lib\\site-packages\\flask\\wrappers.py', reloading
[2024-12-06 11:08:37,025] 96 werkzeug - INFO -  * Detected change in 'C:\\Users\\shivo\\AppData\\Local\\Programs\\Python\\Python312\\Lib\\site-packages\\werkzeug\\wrappers\\__init__.py', reloading
[2024-12-06 11:08:37,062] 96 werkzeug - INFO -  * Detected change in 'C:\\Users\\shivo\\AppData\\Local\\Programs\\Python\\Python312\\Lib\\site-packages\\werkzeug\\wrappers\\request.py', reloading
[2024-12-06 11:08:37,114] 96 werkzeug - INFO -  * Detected change in 'C:\\Users\\shivo\\AppData\\Local\\Programs\\Python\\Python312\\Lib\\site-packages\\werkzeug\\sansio\\request.py', reloading
[2024-12-06 11:08:37,143] 96 werkzeug - INFO -  * Detected change in 'C:\\Users\\shivo\\AppData\\Local\\Programs\\Python\\Python312\\Lib\\site-packages\\flask\\templating.py', reloading
[2024-12-06 11:08:37,162] 96 werkzeug - INFO -  * Detected change in 'C:\\Users\\shivo\\AppData\\Local\\Programs\\Python\\Python312\\Lib\\site-packages\\jinja2\\__init__.py', reloading
[2024-12-06 11:08:37,184] 96 werkzeug - INFO -  * Detected change in 'C:\\Users\\shivo\\AppData\\Local\\Programs\\Python\\Python312\\Lib\\site-packages\\jinja2\\environment.py', reloading
[2024-12-06 11:08:37,252] 96 werkzeug - INFO -  * Detected change in 'C:\\Users\\shivo\\AppData\\Local\\Programs\\Python\\Python312\\Lib\\site-packages\\flask\\json\\__init__.py', reloading
[2024-12-06 11:08:37,268] 96 werkzeug - INFO -  * Detected change in 'C:\\Users\\shivo\\AppData\\Local\\Programs\\Python\\Python312\\Lib\\site-packages\\werkzeug\\wrappers\\response.py', reloading
[2024-12-06 11:08:37,301] 96 werkzeug - INFO -  * Detected change in 'C:\\Users\\shivo\\AppData\\Local\\Programs\\Python\\Python312\\Lib\\site-packages\\werkzeug\\sansio\\response.py', reloading
