[2024-12-06 11:08:55,965] 96 werkzeug - WARNING -  * Debugger is active!
[2024-12-06 11:08:55,965] 96 werkzeug - INFO -  * Debugger PIN: 465-275-813
[2024-12-06 11:08:56,005] 96 werkzeug - INFO -  * Detected change in 'C:\\Users\\shivo\\AppData\\Local\\Programs\\Python\\Python312\\Lib\\site-packages\\urllib3\\filepost.py', reloading
[2024-12-06 11:08:56,015] 96 werkzeug - INFO -  * Detected change in 'C:\\Users\\shivo\\AppData\\Local\\Programs\\Python\\Python312\\Lib\\site-packages\\urllib3\\poolmanager.py', reloading
[2024-12-06 11:08:56,038] 96 werkzeug - INFO -  * Detected change in 'C:\\Users\\shivo\\AppData\\Local\\Programs\\Python\\Python312\\Lib\\site-packages\\urllib3\\response.py', reloading
[2024-12-06 11:08:56,055] 96 werkzeug - INFO -  * Detected change in 'C:\\Users\\shivo\\AppData\\Local\\Programs\\Python\\Python312\\Lib\\site-packages\\urllib3\\util\\request.py', reloading
[2024-12-06 11:08:56,075] 96 werkzeug - INFO -  * Detected change in 'C:\\Users\\shivo\\AppData\\Local\\Programs\\Python\\Python312\\Lib\\site-packages\\urllib3\\util\\retry.py', reloading
[2024-12-06 11:08:56,108] 96 werkzeug - INFO -  * Detected change in 'C:\\Users\\shivo\\AppData\\Local\\Programs\\Python\\Python312\\Lib\\site-packages\\urllib3\\util\\timeout.py', reloading
[2024-12-06 11:08:56,126] 96 werkzeug - INFO -  * Detected change in 'C:\\Users\\shivo\\AppData\\Local\\Programs\\Python\\Python312\\Lib\\site-packages\\virtualenv\\__init__.py', reloading
[2024-12-06 11:08:56,146] 96 werkzeug - INFO -  * Detected change in 'C:\\Users\\shivo\\AppData\\Local\\Programs\\Python\\Python312\\Lib\\site-packages\\virtualenv\\run\\__init__.py', reloading
[2024-12-06 11:08:56,156] 96 werkzeug - INFO -  * Detected change in 'C:\\Users\\shivo\\AppData\\Local\\Programs\\Python\\Python312\\Lib\\site-packages\\virtualenv\\version.py', reloading
[2024-12-06 11:08:56,166] 96 werkzeug - INFO -  * Detected change in 'C:\\Users\\shivo\\AppData\\Local\\Programs\\Python\\Python312\\Lib\\site-packages\\w3lib\\__init__.py', reloading
[2024-12-06 11:08:56,175] 96 werkzeug - INFO -  * Detected change in 'C:\\Users\\shivo\\AppData\\Local\\Programs\\Python\\Python312\\Lib\\site-packages\\watchdog\\__init__.py', reloading
[2024-12-06 11:08:56,185] 96 werkzeug - INFO -  * Detected change in 'C:\\Users\\shivo\\AppData\\Local\\Programs\\Python\\Python312\\Lib\\site-packages\\wcwidth\\__init__.py', reloading
[2024-12-06 11:08:56,205] 96 werkzeug - INFO -  * Detected change in 'C:\\Users\\shivo\\AppData\\Local\\Programs\\Python\\Python312\\Lib\\site-packages\\wcwidth\\wcwidth.py', reloading
[2024-12-06 11:08:56,225] 96 werkzeug - INFO -  * Detected change in 'C:\\Users\\shivo\\AppData\\Local\\Programs\\Python\\Python312\\Lib\\site-packages\\wcwidth\\unicode_versions.py', reloading
[2024-12-06 11:08:56,246] 96 werkzeug - INFO -  * Detected change in 'C:\\Users\\shivo\\AppData\\Local\\Programs\\Python\\Python312\\Lib\\site-packages\\webcolors\\__init__.py', reloading
[2024-12-06 11:08:56,266] 96 werkzeug - INFO -  * Detected change in 'C:\\Users\\shivo\\AppData\\Local\\Programs\\Python\\Python312\\Lib\\site-packages\\webcolors\\constants.py', reloading
[2024-12-06 11:08:56,286] 96 werkzeug - INFO -  * Detected change in 'C:\\Users\\shivo\\AppData\\Local\\Programs\\Python\\Python312\\Lib\\site-packages\\webcolors\\conversion.py', reloading
[2024-12-06 11:08:56,316] 96 werkzeug - INFO -  * Detected change in 'C:\\Users\\shivo\\AppData\\Local\\Programs\\Python\\Python312\\Lib\\site-packages\\webcolors\\html5.py', reloading
[2024-12-06 11:08:56,343] 96 werkzeug - INFO -  * Detected change in 'C:\\Users\\shivo\\AppData\\Local\\Programs\\Python\\Python312\\Lib\\site-packages\\webcolors\\normalization.py', reloading
[2024-12-06 11:08:56,357] 96 werkzeug - INFO -  * Detected change in 'C:\\Users\\shivo\\AppData\\Local\\Programs\\Python\\Python312\\Lib\\site-packages\\webcolors\\types.py', reloading
[2024-12-06 11:08:56,377] 96 werkzeug - INFO -  * Detected change in 'C:\\Users\\shivo\\AppData\\Local\\Programs\\Python\\Python312\\Lib\\site-packages\\webencodings\\__init__.py', reloading
[2024-12-06 11:08:56,387] 96 werkzeug - INFO -  * Detected change in 'C:\\Users\\shivo\\AppData\\Local\\Programs\\Python\\Python312\\Lib\\site-packages\\websocket\\__init__.py', reloading
[2024-12-06 11:08:56,407] 96 werkzeug - INFO -  * Detected change in 'C:\\Users\\shivo\\AppData\\Local\\Programs\\Python\\Python312\\Lib\\site-packages\\websocket\\_abnf.py', reloading
[2024-12-06 11:08:56,427] 96 werkzeug - INFO -  * Detected change in 'C:\\Users\\shivo\\AppData\\Local\\Programs\\Python\\Python312\\Lib\\site-packages\\websocket\\_exceptions.py', reloading
[2024-12-06 11:08:56,447] 96 werkzeug - INFO -  * Detected change in 'C:\\Users\\shivo\\AppData\\Local\\Programs\\Python\\Python312\\Lib\\site-packages\\websocket\\_core.py', reloading
[2024-12-06 11:08:56,467] 96 werkzeug - INFO -  * Detected change in 'C:\\Users\\shivo\\AppData\\Local\\Programs\\Python\\Python312\\Lib\\site-packages\\websocket\\_handshake.py', reloading
[2024-12-06 11:08:56,487] 96 werkzeug - INFO -  * Detected change in 'C:\\Users\\shivo\\AppData\\Local\\Programs\\Python\\Python312\\Lib\\site-packages\\websocket\\_http.py', reloading
[2024-12-06 11:08:56,507] 96 werkzeug - INFO -  * Detected change in 'C:\\Users\\shivo\\AppData\\Local\\Programs\\Python\\Python312\\Lib\\site-packages\\websocket\\_logging.py', reloading
[2024-12-06 11:08:56,527] 96 werkzeug - INFO -  * Detected change in 'C:\\Users\\shivo\\AppData\\Local\\Programs\\Python\\Python312\\Lib\\site-packages\\websocket\\_socket.py', reloading
[2024-12-06 11:08:56,547] 96 werkzeug - INFO -  * Detected change in 'C:\\Users\\shivo\\AppData\\Local\\Programs\\Python\\Python312\\Lib\\site-packages\\websocket\\_ssl_compat.py', reloading
[2024-12-06 11:08:56,567] 96 werkzeug - INFO -  * Detected change in 'C:\\Users\\shivo\\AppData\\Local\\Programs\\Python\\Python312\\Lib\\site-packages\\websocket\\_utils.py', reloading
[2024-12-06 11:08:56,607] 96 werkzeug - INFO -  * Detected change in 'C:\\Users\\shivo\\AppData\\Local\\Programs\\Python\\Python312\\Lib\\site-packages\\websocket\\_url.py', reloading
[2024-12-06 11:08:56,617] 96 werkzeug - INFO -  * Detected change in 'C:\\Users\\shivo\\AppData\\Local\\Programs\\Python\\Python312\\Lib\\site-packages\\werkzeug\\__init__.py', reloading
[2024-12-06 11:08:56,640] 96 werkzeug - INFO -  * Detected change in 'C:\\Users\\shivo\\AppData\\Local\\Programs\\Python\\Python312\\Lib\\site-packages\\werkzeug\\serving.py', reloading
[2024-12-06 11:08:56,673] 96 werkzeug - INFO -  * Detected change in 'C:\\Users\\shivo\\AppData\\Local\\Programs\\Python\\Python312\\Lib\\site-packages\\werkzeug\\test.py', reloading
[2024-12-06 11:08:56,708] 96 werkzeug - INFO -  * Detected change in 'C:\\Users\\shivo\\AppData\\Local\\Programs\\Python\\Python312\\Lib\\site-packages\\widgetsnbextension\\__init__.py', reloading
[2024-12-06 11:08:56,718] 96 werkzeug - INFO -  * Detected change in 'C:\\Users\\shivo\\AppData\\Local\\Programs\\Python\\Python312\\Lib\\site-packages\\wikipedia\\__init__.py', reloading
[2024-12-06 11:08:56,728] 96 werkzeug - INFO -  * Detected change in 'C:\\Users\\shivo\\AppData\\Local\\Programs\\Python\\Python312\\Lib\\site-packages\\winpty\\__init__.py', reloading
[2024-12-06 11:08:56,748] 96 werkzeug - INFO -  * Detected change in 'C:\\Users\\shivo\\AppData\\Local\\Programs\\Python\\Python312\\Lib\\site-packages\\wordcloud\\__init__.py', reloading
[2024-12-06 11:08:56,768] 96 werkzeug - INFO -  * Detected change in 'C:\\Users\\shivo\\AppData\\Local\\Programs\\Python\\Python312\\Lib\\site-packages\\wordcloud\\wordcloud.py', reloading
[2024-12-06 11:08:56,778] 96 werkzeug - INFO -  * Detected change in 'C:\\Users\\shivo\\AppData\\Local\\Programs\\Python\\Python312\\Lib\\site-packages\\wordcloud\\color_from_image.py', reloading
[2024-12-06 11:08:56,788] 96 werkzeug - INFO -  * Detected change in 'C:\\Users\\shivo\\AppData\\Local\\Programs\\Python\\Python312\\Lib\\site-packages\\wordcloud\\_version.py', reloading
[2024-12-06 11:08:56,808] 96 werkzeug - INFO -  * Detected change in 'C:\\Users\\shivo\\AppData\\Local\\Programs\\Python\\Python312\\Lib\\site-packages\\wrapt\\__init__.py', reloading
[2024-12-06 11:08:56,828] 96 werkzeug - INFO -  * Detected change in 'C:\\Users\\shivo\\AppData\\Local\\Programs\\Python\\Python312\\Lib\\site-packages\\xgboost\\__init__.py', reloading
[2024-12-06 11:08:56,848] 96 werkzeug - INFO -  * Detected change in 'C:\\Users\\shivo\\AppData\\Local\\Programs\\Python\\Python312\\Lib\\site-packages\\xgboost\\core.py', reloading
[2024-12-06 11:08:56,888] 96 werkzeug - INFO -  * Detected change in 'C:\\Users\\shivo\\AppData\\Local\\Programs\\Python\\Python312\\Lib\\site-packages\\xgboost\\tracker.py', reloading
[2024-12-06 11:08:56,908] 96 werkzeug - INFO -  * Detected change in 'C:\\Users\\shivo\\AppData\\Local\\Programs\\Python\\Python312\\Lib\\site-packages\\xgboost\\training.py', reloading
[2024-12-06 11:08:56,928] 96 werkzeug - INFO -  * Detected change in 'C:\\Users\\shivo\\AppData\\Local\\Programs\\Python\\Python312\\Lib\\site-packages\\xgboost\\config.py', reloading
[2024-12-06 11:08:56,940] 96 werkzeug - INFO -  * Detected change in 'C:\\Users\\shivo\\AppData\\Local\\Programs\\Python\\Python312\\Lib\\site-packages\\xgboost\\plotting.py', reloading
[2024-12-06 11:08:56,958] 96 werkzeug - INFO -  * Detected change in 'C:\\Users\\shivo\\AppData\\Local\\Programs\\Python\\Python312\\Lib\\site-packages\\xgboost\\sklearn.py', reloading
